

Microchip Technology PIC18 LITE Macro Assembler V1.44 build -154322312 
                                                                                               Sun Nov 25 14:30:41 2018

Microchip Technology Omniscient Code Generator v1.44 (Free mode) build 201709140600
     1                           	processor	18F26K83
     2                           	fnconf	rparam,??,?,0
     3                           	opt	pw 120
     4                           	opt	lm
     5                           	psect	cinit,global,reloc=2,class=CODE,delta=1
     6                           	psect	cstackCOMRAM,global,class=COMRAM,space=1,delta=1,noexec
     7                           	psect	text0,global,reloc=2,class=CODE,delta=1
     8                           	psect	text1,global,reloc=2,class=CODE,delta=1
     9                           	psect	intsave_regs,global,class=BIGRAM,space=1,delta=1,noexec
    10                           	psect	rparam,global,class=COMRAM,space=1,delta=1,noexec
    11  0000                     
    12                           ; Version 1.44
    13                           ; Generated 14/09/2017 GMT
    14                           ; 
    15                           ; Copyright © 2017, Microchip Technology Inc. and its subsidiaries ("Microchip")
    16                           ; All rights reserved.
    17                           ; 
    18                           ; This software is developed by Microchip Technology Inc. and its subsidiaries ("Microch
      +                          ip").
    19                           ; 
    20                           ; Redistribution and use in source and binary forms, with or without modification, are
    21                           ; permitted provided that the following conditions are met:
    22                           ; 
    23                           ;     1. Redistributions of source code must retain the above copyright notice, this lis
      +                          t of
    24                           ;        conditions and the following disclaimer.
    25                           ; 
    26                           ;     2. Redistributions in binary form must reproduce the above copyright notice, this 
      +                          list
    27                           ;        of conditions and the following disclaimer in the documentation and/or other
    28                           ;        materials provided with the distribution.
    29                           ; 
    30                           ;     3. Microchip's name may not be used to endorse or promote products derived from th
      +                          is
    31                           ;        software without specific prior written permission.
    32                           ; 
    33                           ; THIS SOFTWARE IS PROVIDED BY MICROCHIP "AS IS" AND ANY EXPRESS OR IMPLIED WARRANTIES,
    34                           ; INCLUDING, BUT NOT LIMITED TO, THE IMPLIED WARRANTIES OF MERCHANTABILITY AND FITNESS F
      +                          OR
    35                           ; PURPOSE ARE DISCLAIMED.  IN NO EVENT SHALL MICROCHIP BE LIABLE FOR ANY DIRECT, INDIREC
      +                          T,
    36                           ; INCIDENTAL, SPECIAL, EXEMPLARY, OR CONSEQUENTIAL DAMAGES (INCLUDING BUT NOT LIMITED TO
    37                           ; PROCUREMENT OF SUBSTITUTE GOODS OR SERVICES; LOSS OF USE, DATA OR PROFITS; OR BUSINESS
    38                           ; INTERRUPTION) HOWSOEVER CAUSED AND ON ANY THEORY OF LIABILITY, WHETHER IN CONTRACT, ST
      +                          RICT
    39                           ; LIABILITY, OR TORT (INCLUDING NEGLIGENCE OR OTHERWISE) ARISING IN ANY WAY OUT OF THE U
      +                          SE OF
    40                           ; THIS SOFTWARE, EVEN IF ADVISED OF THE POSSIBILITY OF SUCH DAMAGE.
    41                           ; 
    42                           ; 
    43                           ; Code-generator required, PIC18F26K83 Definitions
    44                           ; 
    45                           ; SFR Addresses
    46  0000                     _LATC7	set	130535
    47  0000                     _TRISC7	set	130599
    48  0000                     _LATC6	set	130534
    49  0000                     _TRISC6	set	130598
    50  0000                     _LATC5	set	130533
    51  0000                     _TRISC5	set	130597
    52                           
    53                           ; #config settings
    54  0000                     
    55                           	psect	cinit
    56  00FFB0                     __pcinit:
    57                           	opt stack 0
    58  00FFB0                     start_initialization:
    59                           	opt stack 0
    60  00FFB0                     __initialization:
    61                           	opt stack 0
    62  00FFB0                     end_of_initialization:
    63                           	opt stack 0
    64  00FFB0                     __end_of__initialization:
    65                           	opt stack 0
    66  00FFB0  0100               	movlb	0
    67  00FFB2  EFE3  F07F         	goto	_main	;jump to C main() function
    68                           
    69                           	psect	cstackCOMRAM
    70  000001                     __pcstackCOMRAM:
    71                           	opt stack 0
    72  000001                     
    73                           ; 2 bytes @ 0x0
    74  000001                     	ds	2
    75  000003                     
    76                           ; 3 bytes @ 0x2
    77  000003                     	ds	3
    78  000006                     ??_main:
    79                           
    80                           ; 1 bytes @ 0x5
    81  000006                     	ds	1
    82                           
    83 ;;
    84 ;;Main: autosize = 0, tempsize = 1, incstack = 0, save=0
    85 ;;
    86 ;; *************** function _main *****************
    87 ;; Defined at:
    88 ;;		line 25 in file "main.c"
    89 ;; Parameters:    Size  Location     Type
    90 ;;  argc            2    0[COMRAM] int 
    91 ;;  argv            3    2[COMRAM] PTR PTR unsigned char 
    92 ;; Auto vars:     Size  Location     Type
    93 ;;		None
    94 ;; Return value:  Size  Location     Type
    95 ;;                  2    0[COMRAM] int 
    96 ;; Registers used:
    97 ;;		wreg, cstack
    98 ;; Tracked objects:
    99 ;;		On entry : 0/0
   100 ;;		On exit  : 0/0
   101 ;;		Unchanged: 0/0
   102 ;; Data sizes:     COMRAM   BANK0   BANK1   BANK2   BANK3   BANK4   BANK5   BANK6   BANK7   BANK8   BANK9  BANK10  BANK1
      +1  BANK12  BANK13  BANK14  BANK15
   103 ;;      Params:         5       0       0       0       0       0       0       0       0       0       0       0       
      +0       0       0       0       0
   104 ;;      Locals:         0       0       0       0       0       0       0       0       0       0       0       0       
      +0       0       0       0       0
   105 ;;      Temps:          1       0       0       0       0       0       0       0       0       0       0       0       
      +0       0       0       0       0
   106 ;;      Totals:         6       0       0       0       0       0       0       0       0       0       0       0       
      +0       0       0       0       0
   107 ;;Total ram usage:        6 bytes
   108 ;; Hardware stack levels required when called:    1
   109 ;; This function calls:
   110 ;;		_led_init
   111 ;; This function is called by:
   112 ;;		Startup code after reset
   113 ;; This function uses a non-reentrant model
   114 ;;
   115                           
   116                           	psect	text0
   117  00FFC6                     __ptext0:
   118                           	opt stack 0
   119  00FFC6                     _main:
   120                           	opt stack 30
   121                           
   122                           ;main.c: 26: led_init();
   123                           
   124                           ;incstack = 0
   125  00FFC6  ECDB  F07F         	call	_led_init	;wreg free
   126  00FFCA                     
   127                           ;main.c: 29: (LATC5 = 0);
   128  00FFCA  013F               	movlb	63	; () banked
   129  00FFCC  9BBC               	bcf	188,5,b	;volatile
   130                           
   131                           ; BSR set to: 63
   132                           ;main.c: 30: (LATC6 = 0);
   133  00FFCE  9DBC               	bcf	188,6,b	;volatile
   134                           
   135                           ; BSR set to: 63
   136                           ;main.c: 31: (LATC7 = 0);
   137  00FFD0  9FBC               	bcf	188,7,b	;volatile
   138                           
   139                           ; BSR set to: 63
   140                           ;main.c: 32: _delay((unsigned long)((100)*(1000000/4000.0)));
   141  00FFD2  0E21               	movlw	33
   142  00FFD4  6E06               	movwf	??_main& (0+255),c
   143  00FFD6  0E76               	movlw	118
   144  00FFD8                     u17:
   145  00FFD8  2EE8               	decfsz	16360,f,c
   146  00FFDA  D7FE               	bra	u17
   147  00FFDC  2E06               	decfsz	??_main& (0+255),f,c
   148  00FFDE  D7FC               	bra	u17
   149  00FFE0  D000               	nop2	
   150                           
   151                           ;main.c: 34: (LATC5 = 1);
   152  00FFE2  013F               	movlb	63	; () banked
   153  00FFE4  8BBC               	bsf	188,5,b	;volatile
   154                           
   155                           ; BSR set to: 63
   156                           ;main.c: 35: (LATC6 = 1);
   157  00FFE6  8DBC               	bsf	188,6,b	;volatile
   158                           
   159                           ; BSR set to: 63
   160                           ;main.c: 36: (LATC7 = 1);
   161  00FFE8  8FBC               	bsf	188,7,b	;volatile
   162                           
   163                           ; BSR set to: 63
   164                           ;main.c: 37: _delay((unsigned long)((100)*(1000000/4000.0)));
   165  00FFEA  0E21               	movlw	33
   166  00FFEC  6E06               	movwf	??_main& (0+255),c
   167  00FFEE  0E76               	movlw	118
   168  00FFF0                     u27:
   169  00FFF0  2EE8               	decfsz	16360,f,c
   170  00FFF2  D7FE               	bra	u27
   171  00FFF4  2E06               	decfsz	??_main& (0+255),f,c
   172  00FFF6  D7FC               	bra	u27
   173  00FFF8  D000               	nop2	
   174  00FFFA  D7E7               	goto	l22
   175  00FFFC                     __end_of_main:
   176                           	opt stack 0
   177                           
   178 ;; *************** function _led_init *****************
   179 ;; Defined at:
   180 ;;		line 14 in file "main.c"
   181 ;; Parameters:    Size  Location     Type
   182 ;;		None
   183 ;; Auto vars:     Size  Location     Type
   184 ;;		None
   185 ;; Return value:  Size  Location     Type
   186 ;;                  1    wreg      void 
   187 ;; Registers used:
   188 ;;		None
   189 ;; Tracked objects:
   190 ;;		On entry : 0/0
   191 ;;		On exit  : 0/0
   192 ;;		Unchanged: 0/0
   193 ;; Data sizes:     COMRAM   BANK0   BANK1   BANK2   BANK3   BANK4   BANK5   BANK6   BANK7   BANK8   BANK9  BANK10  BANK1
      +1  BANK12  BANK13  BANK14  BANK15
   194 ;;      Params:         0       0       0       0       0       0       0       0       0       0       0       0       
      +0       0       0       0       0
   195 ;;      Locals:         0       0       0       0       0       0       0       0       0       0       0       0       
      +0       0       0       0       0
   196 ;;      Temps:          0       0       0       0       0       0       0       0       0       0       0       0       
      +0       0       0       0       0
   197 ;;      Totals:         0       0       0       0       0       0       0       0       0       0       0       0       
      +0       0       0       0       0
   198 ;;Total ram usage:        0 bytes
   199 ;; Hardware stack levels used:    1
   200 ;; This function calls:
   201 ;;		Nothing
   202 ;; This function is called by:
   203 ;;		_main
   204 ;; This function uses a non-reentrant model
   205 ;;
   206                           
   207                           	psect	text1
   208  00FFB6                     __ptext1:
   209                           	opt stack 0
   210  00FFB6                     _led_init:
   211                           	opt stack 30
   212                           
   213                           ;main.c: 15: TRISC5 = 0;
   214                           
   215                           ;incstack = 0
   216  00FFB6  013F               	movlb	63	; () banked
   217  00FFB8  9BC4               	bcf	196,5,b	;volatile
   218                           
   219                           ;main.c: 16: LATC5 = 1;
   220  00FFBA  8BBC               	bsf	188,5,b	;volatile
   221                           
   222                           ;main.c: 18: TRISC6 = 0;
   223  00FFBC  9DC4               	bcf	196,6,b	;volatile
   224                           
   225                           ;main.c: 19: LATC6 = 1;
   226  00FFBE  8DBC               	bsf	188,6,b	;volatile
   227                           
   228                           ;main.c: 21: TRISC7 = 0;
   229  00FFC0  9FC4               	bcf	196,7,b	;volatile
   230                           
   231                           ;main.c: 22: LATC7 = 1;
   232  00FFC2  8FBC               	bsf	188,7,b	;volatile
   233                           
   234                           ; BSR set to: 63
   235  00FFC4  0012               	return		;funcret
   236  00FFC6                     __end_of_led_init:
   237                           	opt stack 0
   238  0000                     
   239                           	psect	rparam


Data Sizes:
    Strings     0
    Constant    0
    Data        0
    BSS         0
    Persistent  0
    Stack       0

Auto Spaces:
    Space          Size  Autos    Used
    COMRAM           95      6       6
    BANK0           160      0       0
    BANK1           256      0       0
    BANK2           256      0       0
    BANK3           256      0       0
    BANK4           256      0       0
    BANK5           256      0       0
    BANK6           256      0       0
    BANK7           256      0       0
    BANK8           256      0       0
    BANK9           256      0       0
    BANK10          256      0       0
    BANK11          256      0       0
    BANK12          256      0       0
    BANK13          256      0       0
    BANK14          256      0       0
    BANK15          256      0       0

Pointer List with Targets:

    None.

Critical Paths under _main in COMRAM

    None.

Critical Paths under _main in BANK0

    None.

Critical Paths under _main in BANK1

    None.

Critical Paths under _main in BANK2

    None.

Critical Paths under _main in BANK3

    None.

Critical Paths under _main in BANK4

    None.

Critical Paths under _main in BANK5

    None.

Critical Paths under _main in BANK6

    None.

Critical Paths under _main in BANK7

    None.

Critical Paths under _main in BANK8

    None.

Critical Paths under _main in BANK9

    None.

Critical Paths under _main in BANK10

    None.

Critical Paths under _main in BANK11

    None.

Critical Paths under _main in BANK12

    None.

Critical Paths under _main in BANK13

    None.

Critical Paths under _main in BANK14

    None.

Critical Paths under _main in BANK15

    None.

Call Graph Tables:

 ---------------------------------------------------------------------------------
 (Depth) Function   	        Calls       Base Space   Used Autos Params    Refs
 ---------------------------------------------------------------------------------
 (0) _main                                                 6     1      5       0
                                              0 COMRAM     6     1      5
                           _led_init
 ---------------------------------------------------------------------------------
 (1) _led_init                                             0     0      0       0
 ---------------------------------------------------------------------------------
 Estimated maximum stack depth 1
 ---------------------------------------------------------------------------------

 Call Graph Graphs:

 _main (ROOT)
   _led_init

 Address spaces:
Name               Size   Autos  Total    Cost      Usage
BITCOMRAM           5F      0       0       0        0.0%
EEDATA             400      0       0       0        0.0%
NULL                 0      0       0       0        0.0%
CODE                 0      0       0       0        0.0%
COMRAM              5F      6       6       1        6.3%
STACK                0      0       0       2        0.0%
DATA                 0      0       0       3        0.0%
BITBANK0            A0      0       0       4        0.0%
BANK0               A0      0       0       5        0.0%
ABS                  0      0       0       6        0.0%
BITBANK1           100      0       0       7        0.0%
BANK1              100      0       0       8        0.0%
BITBANK2           100      0       0       9        0.0%
BANK2              100      0       0      10        0.0%
BITBANK3           100      0       0      11        0.0%
BANK3              100      0       0      12        0.0%
BITBANK4           100      0       0      13        0.0%
BANK4              100      0       0      14        0.0%
BITBANK5           100      0       0      15        0.0%
BANK5              100      0       0      16        0.0%
BITBANK6           100      0       0      17        0.0%
BANK6              100      0       0      18        0.0%
BITBANK7           100      0       0      19        0.0%
BANK7              100      0       0      20        0.0%
BITBANK8           100      0       0      21        0.0%
BANK8              100      0       0      22        0.0%
BITBANK9           100      0       0      23        0.0%
BANK9              100      0       0      24        0.0%
BITBANK10          100      0       0      25        0.0%
BANK10             100      0       0      26        0.0%
BITBANK11          100      0       0      27        0.0%
BANK11             100      0       0      28        0.0%
BITBANK12          100      0       0      29        0.0%
BANK12             100      0       0      30        0.0%
BITBANK13          100      0       0      31        0.0%
BANK13             100      0       0      32        0.0%
BITBANK14          100      0       0      33        0.0%
BANK14             100      0       0      34        0.0%
BITBANK15          100      0       0      35        0.0%
BANK15             100      0       0      36        0.0%
BIGRAM             FFF      0       0      37        0.0%
BITSFR_9             0      0       0     200        0.0%
SFR_9                0      0       0     200        0.0%
BITSFR_8             0      0       0     200        0.0%
SFR_8                0      0       0     200        0.0%
BITSFR_7             0      0       0     200        0.0%
SFR_7                0      0       0     200        0.0%
BITSFR_6             0      0       0     200        0.0%
SFR_6                0      0       0     200        0.0%
BITSFR_5             0      0       0     200        0.0%
SFR_5                0      0       0     200        0.0%
BITSFR_4             0      0       0     200        0.0%
SFR_4                0      0       0     200        0.0%
BITSFR_3             0      0       0     200        0.0%
SFR_3                0      0       0     200        0.0%
BITSFR_2             0      0       0     200        0.0%
SFR_2                0      0       0     200        0.0%
BITSFR_1             0      0       0     200        0.0%
SFR_1                0      0       0     200        0.0%
BITSFR               0      0       0     200        0.0%
SFR                  0      0       0     200        0.0%


Microchip Technology PIC18 Macro Assembler V1.44 build -154322312 
Symbol Table                                                                                   Sun Nov 25 14:30:41 2018

              __CFG_CP$OFF 000000                         l22 FFCA                         u17 FFD8  
                       u27 FFF0                __CFG_LVP$ON 000000                        wreg 003FE8  
            __CFG_BBEN$OFF 000000               __CFG_ZCD$OFF 000000              __CFG_FCMEN$ON 000000  
                     _main FFC6                       start FFFC              __CFG_CSWEN$ON 000000  
             ___param_bank 000000                      ?_main 0001              __CFG_WDTE$OFF 000000  
                    _LATC5 01FDE5                      _LATC6 01FDE6                      _LATC7 01FDE7  
           __CFG_DEBUG$OFF 000000              __CFG_WRTB$OFF 000000              __CFG_WRTC$OFF 000000  
            __CFG_WRTD$OFF 000000         __CFG_MCLRE$EXTMCLR 000000            __initialization FFB0  
             __end_of_main FFFC             __CFG_SAFEN$OFF 000000                     ??_main 0006  
           __CFG_PR1WAY$ON 000000              __activetblptr 000000             __CFG_MVECEN$ON 000000  
           __CFG_WDTCCS$SC 000000                     _TRISC5 01FE25                     _TRISC6 01FE26  
                   _TRISC7 01FE27             __CFG_XINST$OFF 000000  __CFG_RSTOSC$HFINTOSC_1MHZ 000000  
         __end_of_led_init FFC6             __CFG_STVREN$ON 000000                 __accesstop 0060  
  __end_of__initialization FFB0              ___rparam_used 000001             __pcstackCOMRAM 0001  
          __CFG_IVT1WAY$ON 000000            __CFG_PPS1WAY$ON 000000        __CFG_PWRTS$PWRT_OFF 000000  
                ?_led_init 0001                    __Hparam 0000                    __Lparam 0000  
                  __pcinit FFB0                    __ramtop 1000                    __ptext0 FFC6  
                  __ptext1 FFB6            __CFG_WRTAPP$OFF 000000            __CFG_WRTSAF$OFF 000000  
               ??_led_init 0001       end_of_initialization FFB0      __CFG_WDTCPS$WDTCPS_31 000000  
         __CFG_FEXTOSC$OFF 000000        start_initialization FFB0           __CFG_LPBOREN$OFF 000000  
        __size_of_led_init 0010     __CFG_BBSIZE$BBSIZE_512 000000        __CFG_BORV$VBOR_2P45 000000  
                 __Hrparam 0000                   __Lrparam 0000         __CFG_BOREN$SBORDIS 000000  
                 _led_init FFB6              __size_of_main 0036       __CFG_WDTCWS$WDTCWS_7 000000  
                 main@argc 0001                   main@argv 0003          __CFG_CLKOUTEN$OFF 000000  
